2026-04-09 11:43:16,577 [2026-04-09 11:43:16 IST] Drive-to-class JSON generation started
2026-04-09 11:43:16,578 [2026-04-09 11:43:16 IST] Regenerating data with drive_to_class_json.generate_data
2026-04-09 11:43:16,578 [2026-04-09 11:43:16 IST] Main process started
2026-04-09 11:43:16,869 file_cache is only supported with oauth2client<4.0.0
2026-04-09 11:43:17,674 [2026-04-09 11:43:17 IST] Persisted 4 changes to changes_api\changes-09-04-2026_11-43-17.json
2026-04-09 11:43:21,134 [2026-04-09 11:43:21 IST] Affected folder IDs (will refetch): 10
2026-04-09 11:43:21,135 [2026-04-09 11:43:21 IST] Crawling url_name: tet-metzuyanut-tashpa (folder_url: https://drive.google.com/drive/folders/1kmeVVOKVB6BpEYtTl6Ykm8I_w6ZgeJRV)
2026-04-09 11:43:21,815 [2026-04-09 11:43:21 IST] Wrote data\class-tet-metzuyanut-tashpa.json
2026-04-09 11:43:21,815 [2026-04-09 11:43:21 IST] Crawling url_name: yud-571-tashpa (folder_url: https://drive.google.com/drive/folders/1gekcNiBMvx5iOAN-3VvKJICSTnGXDlNa)
2026-04-09 11:43:22,408 [2026-04-09 11:43:22 IST] Wrote data\class-yud-571-tashpa.json
2026-04-09 11:43:22,408 [2026-04-09 11:43:22 IST] Crawling url_name: bagruyot-571 (folder_url: https://drive.google.com/drive/folders/17RadCCMJ-XTzRpTnrhw_9lyGJNG-Wf37)
2026-04-09 11:43:22,583 [2026-04-09 11:43:22 IST] Wrote data\class-bagruyot-571.json
2026-04-09 11:43:22,583 [2026-04-09 11:43:22 IST] Crawling url_name: bagruyot-472 (folder_url: https://drive.google.com/drive/folders/1GA90OEL-eUycrz8saqRe4SBtBokhZCIO)
2026-04-09 11:43:22,596 [2026-04-09 11:43:22 IST] Wrote data\class-bagruyot-472.json
2026-04-09 11:43:22,597 [2026-04-09 11:43:22 IST] Crawling url_name: bagruyot-471 (folder_url: https://drive.google.com/drive/folders/1wqO2uIe1VbEoff4xtj_rWIDF6O0bLBcW)
2026-04-09 11:43:22,642 [2026-04-09 11:43:22 IST] Wrote data\class-bagruyot-471.json
2026-04-09 11:43:22,642 [2026-04-09 11:43:22 IST] Crawling url_name: olimpiada-matematica (folder_url: https://drive.google.com/drive/folders/1qgRnXxYhzL_0_EVak6rChNcVJ1HKexpL)
2026-04-09 11:43:22,663 [2026-04-09 11:43:22 IST] Wrote data\class-olimpiada-matematica.json
2026-04-09 11:43:22,663 [2026-04-09 11:43:22 IST] Crawling url_name: yud-571-tashpav (folder_url: https://drive.google.com/drive/folders/1ao6g6Ox6XNi8HKuvmUpeXH9MNC66YwBZ)
2026-04-09 11:43:23,236 [2026-04-09 11:43:23 IST] Wrote data\class-yud-571-tashpav.json
2026-04-09 11:43:23,236 [2026-04-09 11:43:23 IST] Crawling url_name: yud-aleph-571-tashpav (folder_url: https://drive.google.com/drive/folders/1i5qAJbRhg4D5NjR5jbRVsWbunfGinyCK)
2026-04-09 11:43:23,809 [2026-04-09 11:43:23 IST] Cached listing for folder 1i5qAJbRhg4D5NjR5jbRVsWbunfGinyCK
2026-04-09 11:43:24,664 [2026-04-09 11:43:24 IST] Cached listing for folder 1hKbTjjSRrS-KRXZFrRGJXTAfVRi2ry5O
2026-04-09 11:43:25,362 [2026-04-09 11:43:25 IST] Cached listing for folder 1P5qzh95elsf5krerr8_9XT7Tfbf8PwtQ
2026-04-09 11:43:27,697 [2026-04-09 11:43:27 IST] Cached listing for folder 1P5qzh95elsf5krerr8_9XT7Tfbf8PwtQ
2026-04-09 11:43:28,342 [2026-04-09 11:43:28 IST] Cached listing for folder 1smjLu8FBgxhg2tsKDkY9oQ2BjwU5JE7J
2026-04-09 11:43:30,448 [2026-04-09 11:43:30 IST] Cached listing for folder 1smjLu8FBgxhg2tsKDkY9oQ2BjwU5JE7J
2026-04-09 11:43:31,201 [2026-04-09 11:43:31 IST] Cached listing for folder 1i0L18BcHeTHELeYPG6GNvEoxeUJFW7LJ
2026-04-09 11:43:31,993 [2026-04-09 11:43:31 IST] Cached listing for folder 1-RxJleyh9uGYodrx632Ebx9rAa4Ow1YJ
2026-04-09 11:43:33,804 [2026-04-09 11:43:33 IST] Cached listing for folder 1-RxJleyh9uGYodrx632Ebx9rAa4Ow1YJ
2026-04-09 11:43:33,981 [2026-04-09 11:43:33 IST] Wrote data\class-yud-aleph-571-tashpav.json
2026-04-09 11:43:33,981 [2026-04-09 11:43:33 IST] Crawling url_name: yud-bet-572-tashpav (folder_url: https://drive.google.com/drive/folders/1-I6KlMrvs7ssDeqUnGeYvYVPF01AZCSW)
2026-04-09 11:43:34,097 [2026-04-09 11:43:34 IST] Wrote data\class-yud-bet-572-tashpav.json
2026-04-09 11:43:34,097 [2026-04-09 11:43:34 IST] Crawling url_name: bagruyot-572 (folder_url: https://drive.google.com/drive/folders/1uBrRKePcRRwbcLi6x9fXcVy9D1wgPnED)
2026-04-09 11:43:34,194 [2026-04-09 11:43:34 IST] Wrote data\class-bagruyot-572.json
2026-04-09 11:43:34,194 [2026-04-09 11:43:34 IST] All classes processed. JSON generation complete.
2026-04-09 11:43:34,195 [2026-04-09 11:43:34 IST] Saved changes state for next run
2026-04-09 11:43:34,195 [2026-04-09 11:43:34 IST] Data regeneration complete
2026-04-09 11:43:34,195 [2026-04-09 11:43:34 IST] Main build process started
2026-04-09 11:43:34,282 [2026-04-09 11:43:34 IST] Loaded 10 class JSON files
2026-04-09 11:43:34,309 [2026-04-09 11:43:34 IST] Rendered index.html
2026-04-09 11:43:34,353 [2026-04-09 11:43:34 IST] Rendered all class pages
2026-04-09 11:43:34,356 [2026-04-09 11:43:34 IST] Copied static assets
2026-04-09 11:43:34,404 [2026-04-09 11:43:34 IST] Copied images
2026-04-09 11:43:34,405 [2026-04-09 11:43:34 IST] Copied quizes
2026-04-09 11:43:34,405 [2026-04-09 11:43:34 IST] Site built successfully!
